<?xml version="1.0" encoding="UTF-8"?>
<!-- Generated by org.testng.reporters.JUnitReportReporter -->
<testsuite hostname="anjaneya" name="com.Kiran.software.model.HibernateTest" tests="1" failures="0" timestamp="17 Aug 2016 02:43:19 GMT" time="3.100" errors="0">
  <testcase name="CreateCustomer" time="3.100" classname="com.Kiran.software.model.HibernateTest"/>
</testsuite> <!-- com.Kiran.software.model.HibernateTest -->
